# JRE version: OpenJDK Runtime Environment (15.0.2+7) (build 15.0.2+7-27)
# Java VM: OpenJDK 64-Bit Server VM (15.0.2+7-27, mixed mode, tiered, compressed oops, g1 gc, linux-amd64)
GC Precious Log:
 CPUs: 4 total, 4 available
 Memory: 3818M
 Large Page Support: Disabled
 NUMA Support: Disabled
 Compressed Oops: Enabled (32-bit)
 Heap Region Size: 1M
 Heap Min Capacity: 8M
 Heap Initial Capacity: 60M
 Heap Max Capacity: 956M
 Pre-touch: Disabled
 Parallel Workers: 4
 Concurrent Workers: 1
 Concurrent Refinement Workers: 4
 Periodic GC: Disabled
Heap:
 garbage-first heap   total 75776K, used 20579K [0x00000000c4400000, 0x0000000100000000)
  region size 1024K, 5 young (5120K), 4 survivors (4096K)
 Metaspace       used 25847K, capacity 26155K, committed 26624K, reserved 1073152K
  class space    used 3197K, capacity 3285K, committed 3328K, reserved 1048576K
GC Heap History (14 events):
Event: 1,662 GC heap before
{Heap before GC invocations=0 (full 0):
 garbage-first heap   total 61440K, used 12288K [0x00000000c4400000, 0x0000000100000000)
  region size 1024K, 13 young (13312K), 0 survivors (0K)
 Metaspace       used 7606K, capacity 7692K, committed 7936K, reserved 1056768K
  class space    used 689K, capacity 732K, committed 768K, reserved 1048576K
}
Event: 1,669 GC heap after
{Heap after GC invocations=1 (full 0):
 garbage-first heap   total 61440K, used 1580K [0x00000000c4400000, 0x0000000100000000)
  region size 1024K, 2 young (2048K), 2 survivors (2048K)
 Metaspace       used 7606K, capacity 7692K, committed 7936K, reserved 1056768K
  class space    used 689K, capacity 732K, committed 768K, reserved 1048576K
}
Event: 5,334 GC heap before
{Heap before GC invocations=1 (full 0):
 garbage-first heap   total 61440K, used 17964K [0x00000000c4400000, 0x0000000100000000)
  region size 1024K, 19 young (19456K), 2 survivors (2048K)
 Metaspace       used 15487K, capacity 15689K, committed 16000K, reserved 1062912K
  class space    used 1574K, capacity 1646K, committed 1664K, reserved 1048576K
}
Event: 5,340 GC heap after
{Heap after GC invocations=2 (full 0):
 garbage-first heap   total 61440K, used 4686K [0x00000000c4400000, 0x0000000100000000)
  region size 1024K, 3 young (3072K), 3 survivors (3072K)
 Metaspace       used 15487K, capacity 15689K, committed 16000K, reserved 1062912K
  class space    used 1574K, capacity 1646K, committed 1664K, reserved 1048576K
}
Event: 11,148 GC heap before
{Heap before GC invocations=2 (full 0):
 garbage-first heap   total 61440K, used 40526K [0x00000000c4400000, 0x0000000100000000)
  region size 1024K, 16 young (16384K), 3 survivors (3072K)
 Metaspace       used 18502K, capacity 18733K, committed 19072K, reserved 1067008K
  class space    used 2057K, capacity 2117K, committed 2176K, reserved 1048576K
}
Event: 11,153 GC heap after
{Heap after GC invocations=3 (full 0):
 garbage-first heap   total 61440K, used 30615K [0x00000000c4400000, 0x0000000100000000)
  region size 1024K, 3 young (3072K), 3 survivors (3072K)
 Metaspace       used 18502K, capacity 18733K, committed 19072K, reserved 1067008K
  class space    used 2057K, capacity 2117K, committed 2176K, reserved 1048576K
}
Event: 11,222 GC heap before
{Heap before GC invocations=4 (full 0):
 garbage-first heap   total 63488K, used 35735K [0x00000000c4400000, 0x0000000100000000)
  region size 1024K, 4 young (4096K), 3 survivors (3072K)
 Metaspace       used 18502K, capacity 18733K, committed 19072K, reserved 1067008K
  class space    used 2057K, capacity 2117K, committed 2176K, reserved 1048576K
}
Event: 11,227 GC heap after
{Heap after GC invocations=5 (full 0):
 garbage-first heap   total 63488K, used 35847K [0x00000000c4400000, 0x0000000100000000)
  region size 1024K, 1 young (1024K), 1 survivors (1024K)
 Metaspace       used 18502K, capacity 18733K, committed 19072K, reserved 1067008K
  class space    used 2057K, capacity 2117K, committed 2176K, reserved 1048576K
}
Event: 11,299 GC heap before
{Heap before GC invocations=6 (full 0):
 garbage-first heap   total 71680K, used 40967K [0x00000000c4400000, 0x0000000100000000)
  region size 1024K, 2 young (2048K), 1 survivors (1024K)
 Metaspace       used 18505K, capacity 18734K, committed 19072K, reserved 1067008K
  class space    used 2057K, capacity 2117K, committed 2176K, reserved 1048576K
}
Event: 11,300 GC heap after
{Heap after GC invocations=7 (full 0):
 garbage-first heap   total 71680K, used 40815K [0x00000000c4400000, 0x0000000100000000)
  region size 1024K, 1 young (1024K), 1 survivors (1024K)
 Metaspace       used 18505K, capacity 18734K, committed 19072K, reserved 1067008K
  class space    used 2057K, capacity 2117K, committed 2176K, reserved 1048576K
}
Event: 13,878 GC heap before
{Heap before GC invocations=8 (full 0):
 garbage-first heap   total 80896K, used 62319K [0x00000000c4400000, 0x0000000100000000)
  region size 1024K, 18 young (18432K), 1 survivors (1024K)
 Metaspace       used 23875K, capacity 24144K, committed 24576K, reserved 1071104K
  class space    used 2940K, capacity 3023K, committed 3072K, reserved 1048576K
}
Event: 13,883 GC heap after
{Heap after GC invocations=9 (full 0):
 garbage-first heap   total 80896K, used 37705K [0x00000000c4400000, 0x0000000100000000)
  region size 1024K, 3 young (3072K), 3 survivors (3072K)
 Metaspace       used 23875K, capacity 24144K, committed 24576K, reserved 1071104K
  class space    used 2940K, capacity 3023K, committed 3072K, reserved 1048576K
}
Event: 39,173 GC heap before
{Heap before GC invocations=9 (full 0):
 garbage-first heap   total 80896K, used 45897K [0x00000000c4400000, 0x0000000100000000)
  region size 1024K, 12 young (12288K), 3 survivors (3072K)
 Metaspace       used 25800K, capacity 26091K, committed 26624K, reserved 1073152K
  class space    used 3193K, capacity 3285K, committed 3328K, reserved 1048576K
}
Event: 39,178 GC heap after
{Heap after GC invocations=10 (full 0):
 garbage-first heap   total 80896K, used 39011K [0x00000000c4400000, 0x0000000100000000)
  region size 1024K, 4 young (4096K), 4 survivors (4096K)
 Metaspace       used 25800K, capacity 26091K, committed 26624K, reserved 1073152K
  class space    used 3193K, capacity 3285K, committed 3328K, reserved 1048576K
}

